f:\fileexchangeprojectsv11\sink_hole_dsr_v11.0\64bit\code\dsr\debug\vc141.pdb
f:\fileexchangeprojectsv11\sink_hole_dsr_v11.0\64bit\code\dsr\debug\vc141.idb
f:\fileexchangeprojectsv11\sink_hole_dsr_v11.0\64bit\code\dsr\debug\sourceroute.obj
f:\fileexchangeprojectsv11\sink_hole_dsr_v11.0\64bit\code\dsr\debug\sendbuffer.obj
f:\fileexchangeprojectsv11\sink_hole_dsr_v11.0\64bit\code\dsr\debug\routerequest.obj
f:\fileexchangeprojectsv11\sink_hole_dsr_v11.0\64bit\code\dsr\debug\routereply.obj
f:\fileexchangeprojectsv11\sink_hole_dsr_v11.0\64bit\code\dsr\debug\routeerror.obj
f:\fileexchangeprojectsv11\sink_hole_dsr_v11.0\64bit\code\dsr\debug\routecache.obj
f:\fileexchangeprojectsv11\sink_hole_dsr_v11.0\64bit\code\dsr\debug\packetprocessing.obj
f:\fileexchangeprojectsv11\sink_hole_dsr_v11.0\64bit\code\dsr\debug\network_layer_ack.obj
f:\fileexchangeprojectsv11\sink_hole_dsr_v11.0\64bit\code\dsr\debug\malicious.obj
f:\fileexchangeprojectsv11\sink_hole_dsr_v11.0\64bit\code\dsr\debug\maintbuffer.obj
f:\fileexchangeprojectsv11\sink_hole_dsr_v11.0\64bit\code\dsr\debug\dsr.obj
f:\fileexchangeprojectsv11\sink_hole_dsr_v11.0\64bit\code\dsr\debug\checkroutefound.obj
f:\fileexchangeprojectsv11\sink_hole_dsr_v11.0\32bit\code\dsr\debug\checkroutefound.obj
f:\fileexchangeprojectsv11\sink_hole_dsr_v11.0\32bit\code\dsr\debug\dsr.obj
f:\fileexchangeprojectsv11\sink_hole_dsr_v11.0\32bit\code\dsr\debug\maintbuffer.obj
f:\fileexchangeprojectsv11\sink_hole_dsr_v11.0\32bit\code\dsr\debug\malicious.obj
f:\fileexchangeprojectsv11\sink_hole_dsr_v11.0\32bit\code\dsr\debug\network_layer_ack.obj
f:\fileexchangeprojectsv11\sink_hole_dsr_v11.0\32bit\code\dsr\debug\packetprocessing.obj
f:\fileexchangeprojectsv11\sink_hole_dsr_v11.0\32bit\code\dsr\debug\routecache.obj
f:\fileexchangeprojectsv11\sink_hole_dsr_v11.0\32bit\code\dsr\debug\routeerror.obj
f:\fileexchangeprojectsv11\sink_hole_dsr_v11.0\32bit\code\dsr\debug\routereply.obj
f:\fileexchangeprojectsv11\sink_hole_dsr_v11.0\32bit\code\dsr\debug\routerequest.obj
f:\fileexchangeprojectsv11\sink_hole_dsr_v11.0\32bit\code\dsr\debug\sendbuffer.obj
f:\fileexchangeprojectsv11\sink_hole_dsr_v11.0\32bit\code\dsr\debug\sourceroute.obj
f:\fileexchangeprojectsv11\sink_hole_dsr_v11.0\32bit\code\dsr\debug\vc141.idb
f:\fileexchangeprojectsv11\sink_hole_dsr_v11.0\32bit\code\dsr\debug\vc141.pdb
f:\fileexchangeprojectsv11\sink_hole_dsr_v11.0\32bit\code\dsr\debug\dsr.tlog\cl.command.1.tlog
f:\fileexchangeprojectsv11\sink_hole_dsr_v11.0\32bit\code\dsr\debug\dsr.tlog\cl.read.1.tlog
f:\fileexchangeprojectsv11\sink_hole_dsr_v11.0\32bit\code\dsr\debug\dsr.tlog\cl.write.1.tlog
f:\fileexchangeprojectsv11\sink_hole_dsr_v11.0\32bit\code\dsr\debug\dsr.tlog\link-cvtres.read.1.tlog
f:\fileexchangeprojectsv11\sink_hole_dsr_v11.0\32bit\code\dsr\debug\dsr.tlog\link-cvtres.write.1.tlog
f:\fileexchangeprojectsv11\sink_hole_dsr_v11.0\32bit\code\dsr\debug\dsr.tlog\link-rc.read.1.tlog
f:\fileexchangeprojectsv11\sink_hole_dsr_v11.0\32bit\code\dsr\debug\dsr.tlog\link-rc.write.1.tlog
f:\fileexchangeprojectsv11\sink_hole_dsr_v11.0\32bit\code\dsr\debug\dsr.tlog\link.command.1.tlog
f:\fileexchangeprojectsv11\sink_hole_dsr_v11.0\32bit\code\dsr\debug\dsr.tlog\link.delete.1.tlog
f:\fileexchangeprojectsv11\sink_hole_dsr_v11.0\32bit\code\dsr\debug\dsr.tlog\link.read.1.tlog
f:\fileexchangeprojectsv11\sink_hole_dsr_v11.0\32bit\code\dsr\debug\dsr.tlog\link.write.1.tlog
